[2026-03-20 15:22:09] Run log: E:\zuhui\HGFIDSUS-main2.1\system\logs\run_HGFIDSUS_UNSW_smoke_patch50_r1_v2_20260320-152209.log
[2026-03-20 15:22:09] Round metrics CSV: E:\zuhui\HGFIDSUS-main2.1\system\logs\round_metrics_HGFIDSUS_UNSW_smoke_patch50_r1_v2_20260320-152209.csv
[2026-03-20 15:22:09] 
[2026-03-20 15:22:09] ============= Running time: 0th =============
[2026-03-20 15:22:09] Creating server and clients ...
[2026-03-20 15:22:09] CNN1D(
[2026-03-20 15:22:09]   (conv1): Conv1d(1, 32, kernel_size=(3,), stride=(1,), padding=(1,))
[2026-03-20 15:22:09]   (conv2): Conv1d(32, 64, kernel_size=(3,), stride=(1,), padding=(1,))
[2026-03-20 15:22:09]   (maxpool): MaxPool1d(kernel_size=2, stride=2, padding=0, dilation=1, ceil_mode=False)
[2026-03-20 15:22:09]   (global_maxpool): AdaptiveMaxPool1d(output_size=1)
[2026-03-20 15:22:09]   (dropout): Dropout(p=0.2, inplace=False)
[2026-03-20 15:22:09]   (fc): Linear(in_features=64, out_features=10, bias=True)
[2026-03-20 15:22:09] )
[2026-03-20 15:22:13] 
[2026-03-20 15:22:13] Join ratio / total clients: 0.1 / 50
[2026-03-20 15:22:13] Finished creating server and clients.
[2026-03-20 15:22:13] 
[2026-03-20 15:22:13] -------------Round number: 0-------------
[2026-03-20 15:22:13] 
[2026-03-20 15:22:13] Evaluate personalized models
[2026-03-20 15:22:22] Averaged Train Loss: 2.5069
[2026-03-20 15:22:22] Averaged Test Accuracy: 0.0308
[2026-03-20 15:22:22] Macro-F1: 0.0190
[2026-03-20 15:22:22] Weighted-F1: 0.0251
[2026-03-20 15:22:22] Balanced Accuracy: 0.1008
[2026-03-20 15:22:22] MCC: -0.0164
[2026-03-20 15:22:22] Cohen-Kappa: -0.0113
[2026-03-20 15:22:22] Micro AUC: 0.3162
[2026-03-20 15:22:22] Macro AUC: 0.4998
[2026-03-20 15:22:22] Macro PR-AUC: 0.1040
[2026-03-20 15:22:22] Micro FPR: 0.1077
[2026-03-20 15:22:22] ECE: 0.0820
[2026-03-20 15:22:22] Brier Score: 0.9113
[2026-03-20 15:22:22] Average Confidence: 0.1127
[2026-03-20 15:22:22] Calib Temperature: 3.0000
[2026-03-20 15:22:22] Calib Samples: 20613
[2026-03-20 15:22:22] ECE(raw): 0.1092
[2026-03-20 15:22:22] Brier(raw): 0.9357
[2026-03-20 15:22:22] AvgConf(raw): 0.1400
[2026-03-20 15:22:22] EMA Test Accuracy: 0.0308
[2026-03-20 15:22:25] ------------------------- time cost ------------------------- 11.806362867355347
[2026-03-20 15:22:25] [Round Metrics][HGFIDSUS], selected=5, active=5, winners=0, uploaded=2, failover_used=2, contracts=0, contract_active=0.0000, contract_upload=0.0000, upload_success=0.0000, upload_per_winner=2.0000, mode_head=0.0000, affinity_update_ratio=0.2000, mean_delta_norm=0.454875, mean_delta_sparsity=0.6132, mean_bid=0.969286, mean_entropy=1.3115, mean_cred=0.8205, rep_mean=1.0000, staleness_mean=0.1000, staleness_max=1, price_compute=1.000, price_comm=1.000, avg_train_time=0.4870s, avg_send_time=0.0008s, total_upload_bytes=43232
[2026-03-20 15:22:25] 
[2026-03-20 15:22:25] -------------Round number: 1-------------
[2026-03-20 15:22:25] 
[2026-03-20 15:22:25] Evaluate personalized models
[2026-03-20 15:22:29] Averaged Train Loss: 2.3907
[2026-03-20 15:22:29] Averaged Test Accuracy: 0.1035
[2026-03-20 15:22:29] Macro-F1: 0.0702
[2026-03-20 15:22:29] Weighted-F1: 0.1171
[2026-03-20 15:22:29] Balanced Accuracy: 0.1408
[2026-03-20 15:22:29] MCC: 0.0661
[2026-03-20 15:22:29] Cohen-Kappa: 0.0492
[2026-03-20 15:22:29] Micro AUC: 0.3895
[2026-03-20 15:22:29] Macro AUC: 0.5318
[2026-03-20 15:22:29] Macro PR-AUC: 0.1498
[2026-03-20 15:22:29] Micro FPR: 0.0996
[2026-03-20 15:22:29] ECE: 0.1004
[2026-03-20 15:22:29] Brier Score: 0.8923
[2026-03-20 15:22:29] Average Confidence: 0.1253
[2026-03-20 15:22:29] Calib Temperature: 3.0000
[2026-03-20 15:22:29] Calib Samples: 20613
[2026-03-20 15:22:29] ECE(raw): 0.1010
[2026-03-20 15:22:29] Brier(raw): 0.8938
[2026-03-20 15:22:29] AvgConf(raw): 0.1822
[2026-03-20 15:22:29] EMA Test Accuracy: 0.0453
[2026-03-20 15:22:31] ------------------------- time cost ------------------------- 6.836231470108032
[2026-03-20 15:22:31] [Round Metrics][HGFIDSUS], selected=5, active=5, winners=1, uploaded=2, failover_used=1, contracts=1, contract_active=0.2000, contract_upload=1.0000, upload_success=1.0000, upload_per_winner=2.0000, mode_head=0.0000, affinity_update_ratio=0.8000, mean_delta_norm=0.436905, mean_delta_sparsity=0.4830, mean_bid=0.938962, mean_entropy=1.3738, mean_cred=0.7521, rep_mean=1.0001, staleness_mean=0.1600, staleness_max=2, price_compute=1.000, price_comm=1.000, avg_train_time=0.4708s, avg_send_time=0.0006s, total_upload_bytes=48848
[2026-03-20 15:22:31] 
[2026-03-20 15:22:31] Best accuracy.
[2026-03-20 15:22:31] 0.10350914628232236
[2026-03-20 15:22:31] 
[2026-03-20 15:22:31] Average time cost per round.
[2026-03-20 15:22:31] 6.836231470108032
[2026-03-20 15:22:31] File path: ../results/UNSW_HGFIDSUS_smoke_patch50_r1_v2_0.h5
[2026-03-20 15:22:31] 
[2026-03-20 15:22:31] Average time cost: 22.73s.
[2026-03-20 15:22:31] Length:  2
[2026-03-20 15:22:31] std for best rs_test_acc: 0.0
[2026-03-20 15:22:31] mean for best rs_test_acc: 0.10350914628232236
[2026-03-20 15:22:31] All done!
