[2026-03-21 10:43:40] Run log: E:\zuhui\HGFIDSUS-main2.1\system\logs\run_PSGEFIDSUS_UNSW_smoke_proto_v2_20260321-104340.log
[2026-03-21 10:43:40] Round metrics CSV: E:\zuhui\HGFIDSUS-main2.1\system\logs\round_metrics_PSGEFIDSUS_UNSW_smoke_proto_v2_20260321-104340.csv
[2026-03-21 10:43:40] 
[2026-03-21 10:43:40] ============= Running time: 0th =============
[2026-03-21 10:43:40] Creating server and clients ...
[2026-03-21 10:43:40] CNN1D(
[2026-03-21 10:43:40]   (conv1): Conv1d(1, 32, kernel_size=(3,), stride=(1,), padding=(1,))
[2026-03-21 10:43:40]   (conv2): Conv1d(32, 64, kernel_size=(3,), stride=(1,), padding=(1,))
[2026-03-21 10:43:40]   (maxpool): MaxPool1d(kernel_size=2, stride=2, padding=0, dilation=1, ceil_mode=False)
[2026-03-21 10:43:40]   (global_maxpool): AdaptiveMaxPool1d(output_size=1)
[2026-03-21 10:43:40]   (dropout): Dropout(p=0.2, inplace=False)
[2026-03-21 10:43:40]   (fc): Linear(in_features=64, out_features=10, bias=True)
[2026-03-21 10:43:40] )
[2026-03-21 10:43:40] 
[2026-03-21 10:43:40] Join ratio / total clients: 0.6 / 5
[2026-03-21 10:43:40] Finished creating server and clients.
[2026-03-21 10:43:41] 
[2026-03-21 10:43:41] -------------Round number: 0-------------
[2026-03-21 10:43:41] 
[2026-03-21 10:43:41] Evaluate personalized models
[2026-03-21 10:43:41] Averaged Train Loss: 2.3645
[2026-03-21 10:43:41] Averaged Test Accuracy: 0.0472
[2026-03-21 10:43:41] Macro-F1: 0.0184
[2026-03-21 10:43:41] Weighted-F1: 0.0706
[2026-03-21 10:43:41] Balanced Accuracy: 0.0950
[2026-03-21 10:43:41] MCC: 0.0015
[2026-03-21 10:43:41] Cohen-Kappa: 0.0010
[2026-03-21 10:43:41] Micro AUC: 0.4719
[2026-03-21 10:43:41] Macro AUC: 0.5106
[2026-03-21 10:43:41] Macro PR-AUC: 0.1030
[2026-03-21 10:43:41] Micro FPR: 0.1059
[2026-03-21 10:43:41] ECE: 0.0974
[2026-03-21 10:43:41] Brier Score: 0.9113
[2026-03-21 10:43:41] Average Confidence: 0.1409
[2026-03-21 10:43:41] EMA Test Accuracy: 0.0472
[2026-03-21 10:43:41] Few-shot Recall: 0.0000
[2026-03-21 10:43:41] Few-shot Macro-F1: 0.0000
[2026-03-21 10:43:45] ------------------------- time cost ------------------------- 4.297476053237915
[2026-03-21 10:43:45] [Round Metrics][SGEFIDSUS], selected=3, active=3, winners=1, uploaded=1, failover_used=0, contracts=0, contract_active=0.0000, contract_upload=0.0000, upload_success=1.0000, upload_per_winner=1.0000, mode_head=0.0000, affinity_update_ratio=0.3333, mean_delta_norm=0.512100, mean_delta_sparsity=0.6268, mean_bid=0.607104, mean_entropy=1.1237, mean_cred=1.1465, rep_mean=1.0010, staleness_mean=0.4000, staleness_max=1, price_compute=1.000, price_comm=1.000, avg_train_time=1.1132s, avg_send_time=0.0013s, total_upload_bytes=20480
[2026-03-21 10:43:45] [Proto Metrics][SGEFIDSUS] global_proto_classes=8, global_proto_samples=12224, few_shot_classes=1, client_few_shot_ratio=0.0017
[2026-03-21 10:43:45] 
[2026-03-21 10:43:45] Best accuracy.
[2026-03-21 10:43:45] 0.04722936637830255
[2026-03-21 10:43:45] 
[2026-03-21 10:43:45] Average time cost per round.
[2026-03-21 10:43:45] 4.297476053237915
[2026-03-21 10:43:45] File path: ../results/UNSW_PSGEFIDSUS_smoke_proto_v2_0.h5
[2026-03-21 10:43:45] 
[2026-03-21 10:43:45] Average time cost: 5.33s.
[2026-03-21 10:43:45] Length:  1
[2026-03-21 10:43:45] std for best rs_test_acc: 0.0
[2026-03-21 10:43:45] mean for best rs_test_acc: 0.04722936637830255
[2026-03-21 10:43:45] All done!
