[2026-03-20 15:19:55] Run log: E:\zuhui\HGFIDSUS-main2.1\system\logs\run_HGFIDSUS_UNSW_smoke_patch50_r1_20260320-151955.log
[2026-03-20 15:19:55] Round metrics CSV: E:\zuhui\HGFIDSUS-main2.1\system\logs\round_metrics_HGFIDSUS_UNSW_smoke_patch50_r1_20260320-151955.csv
[2026-03-20 15:19:55] 
[2026-03-20 15:19:55] ============= Running time: 0th =============
[2026-03-20 15:19:55] Creating server and clients ...
[2026-03-20 15:19:55] CNN1D(
[2026-03-20 15:19:55]   (conv1): Conv1d(1, 32, kernel_size=(3,), stride=(1,), padding=(1,))
[2026-03-20 15:19:55]   (conv2): Conv1d(32, 64, kernel_size=(3,), stride=(1,), padding=(1,))
[2026-03-20 15:19:55]   (maxpool): MaxPool1d(kernel_size=2, stride=2, padding=0, dilation=1, ceil_mode=False)
[2026-03-20 15:19:55]   (global_maxpool): AdaptiveMaxPool1d(output_size=1)
[2026-03-20 15:19:55]   (dropout): Dropout(p=0.2, inplace=False)
[2026-03-20 15:19:55]   (fc): Linear(in_features=64, out_features=10, bias=True)
[2026-03-20 15:19:55] )
[2026-03-20 15:19:59] 
[2026-03-20 15:19:59] Join ratio / total clients: 0.1 / 50
[2026-03-20 15:19:59] Finished creating server and clients.
[2026-03-20 15:19:59] 
[2026-03-20 15:19:59] -------------Round number: 0-------------
[2026-03-20 15:19:59] 
[2026-03-20 15:19:59] Evaluate personalized models
[2026-03-20 15:20:09] Averaged Train Loss: 2.5069
[2026-03-20 15:20:09] Averaged Test Accuracy: 0.0308
[2026-03-20 15:20:09] Macro-F1: 0.0190
[2026-03-20 15:20:09] Weighted-F1: 0.0251
[2026-03-20 15:20:09] Balanced Accuracy: 0.1008
[2026-03-20 15:20:09] MCC: -0.0164
[2026-03-20 15:20:09] Cohen-Kappa: -0.0113
[2026-03-20 15:20:09] Micro AUC: 0.3162
[2026-03-20 15:20:09] Macro AUC: 0.4998
[2026-03-20 15:20:09] Macro PR-AUC: 0.1040
[2026-03-20 15:20:09] Micro FPR: 0.1077
[2026-03-20 15:20:09] ECE: 0.0820
[2026-03-20 15:20:09] Brier Score: 0.9113
[2026-03-20 15:20:09] Average Confidence: 0.1127
[2026-03-20 15:20:09] Calib Temperature: 3.0000
[2026-03-20 15:20:09] ECE(raw): 0.1092
[2026-03-20 15:20:09] Brier(raw): 0.9357
[2026-03-20 15:20:09] AvgConf(raw): 0.1400
[2026-03-20 15:20:09] EMA Test Accuracy: 0.0308
[2026-03-20 15:20:11] ------------------------- time cost ------------------------- 11.937232494354248
[2026-03-20 15:20:11] [Round Metrics][HGFIDSUS], selected=5, active=5, winners=0, uploaded=2, failover_used=2, contracts=0, contract_active=0.0000, contract_upload=0.0000, upload_success=0.0000, upload_per_winner=2.0000, mode_head=0.0000, affinity_update_ratio=0.2000, mean_delta_norm=0.465955, mean_delta_sparsity=0.6132, mean_bid=0.974022, mean_entropy=1.2885, mean_cred=0.8265, rep_mean=1.0000, staleness_mean=0.1000, staleness_max=1, price_compute=1.000, price_comm=1.000, avg_train_time=0.4804s, avg_send_time=0.0008s, total_upload_bytes=43232
[2026-03-20 15:20:11] 
[2026-03-20 15:20:11] -------------Round number: 1-------------
[2026-03-20 15:20:11] 
[2026-03-20 15:20:11] Evaluate personalized models
[2026-03-20 15:20:16] Averaged Train Loss: 2.3896
[2026-03-20 15:20:16] Averaged Test Accuracy: 0.1035
[2026-03-20 15:20:16] Macro-F1: 0.0702
[2026-03-20 15:20:16] Weighted-F1: 0.1171
[2026-03-20 15:20:16] Balanced Accuracy: 0.1408
[2026-03-20 15:20:16] MCC: 0.0660
[2026-03-20 15:20:16] Cohen-Kappa: 0.0491
[2026-03-20 15:20:16] Micro AUC: 0.3900
[2026-03-20 15:20:16] Macro AUC: 0.5323
[2026-03-20 15:20:16] Macro PR-AUC: 0.1498
[2026-03-20 15:20:16] Micro FPR: 0.0996
[2026-03-20 15:20:16] ECE: 0.1033
[2026-03-20 15:20:16] Brier Score: 0.8921
[2026-03-20 15:20:16] Average Confidence: 0.1254
[2026-03-20 15:20:16] Calib Temperature: 3.0000
[2026-03-20 15:20:16] ECE(raw): 0.1032
[2026-03-20 15:20:16] Brier(raw): 0.8934
[2026-03-20 15:20:16] AvgConf(raw): 0.1825
[2026-03-20 15:20:16] EMA Test Accuracy: 0.0453
[2026-03-20 15:20:18] ------------------------- time cost ------------------------- 6.733891010284424
[2026-03-20 15:20:18] [Round Metrics][HGFIDSUS], selected=5, active=5, winners=1, uploaded=2, failover_used=1, contracts=1, contract_active=0.2000, contract_upload=1.0000, upload_success=1.0000, upload_per_winner=2.0000, mode_head=0.0000, affinity_update_ratio=0.8000, mean_delta_norm=0.430245, mean_delta_sparsity=0.4825, mean_bid=0.929791, mean_entropy=1.4034, mean_cred=0.7464, rep_mean=1.0001, staleness_mean=0.1600, staleness_max=2, price_compute=1.000, price_comm=1.000, avg_train_time=0.4690s, avg_send_time=0.0008s, total_upload_bytes=48848
[2026-03-20 15:20:18] 
[2026-03-20 15:20:18] Best accuracy.
[2026-03-20 15:20:18] 0.10347034975073229
[2026-03-20 15:20:18] 
[2026-03-20 15:20:18] Average time cost per round.
[2026-03-20 15:20:18] 6.733891010284424
[2026-03-20 15:20:18] File path: ../results/UNSW_HGFIDSUS_smoke_patch50_r1_0.h5
[2026-03-20 15:20:18] 
[2026-03-20 15:20:18] Average time cost: 22.78s.
[2026-03-20 15:20:18] Length:  2
[2026-03-20 15:20:18] std for best rs_test_acc: 0.0
[2026-03-20 15:20:18] mean for best rs_test_acc: 0.10347034975073229
[2026-03-20 15:20:18] All done!
