[2026-03-25 17:13:03] Run log: E:\zuhui\HGFIDSUS-main2.1\system\logs\run_SkyGuardPFIDS_UNSW_smoke_csv_20260325-171303.log
[2026-03-25 17:13:03] Round metrics CSV: E:\zuhui\HGFIDSUS-main2.1\system\logs\round_metrics_SkyGuardPFIDS_UNSW_smoke_csv_20260325-171303.csv
[2026-03-25 17:13:03] 
[2026-03-25 17:13:03] ============= Running time: 0th =============
[2026-03-25 17:13:03] Creating server and clients ...
[2026-03-25 17:13:03] CNN1D(
[2026-03-25 17:13:03]   (conv1): Conv1d(1, 32, kernel_size=(3,), stride=(1,), padding=(1,))
[2026-03-25 17:13:03]   (conv2): Conv1d(32, 64, kernel_size=(3,), stride=(1,), padding=(1,))
[2026-03-25 17:13:03]   (maxpool): MaxPool1d(kernel_size=2, stride=2, padding=0, dilation=1, ceil_mode=False)
[2026-03-25 17:13:03]   (global_maxpool): AdaptiveMaxPool1d(output_size=1)
[2026-03-25 17:13:03]   (dropout): Dropout(p=0.2, inplace=False)
[2026-03-25 17:13:03]   (fc): Linear(in_features=64, out_features=10, bias=True)
[2026-03-25 17:13:03] )
[2026-03-25 17:13:03] 
[2026-03-25 17:13:03] Join ratio / total clients: 1.0 / 3
[2026-03-25 17:13:03] Finished creating server and clients.
[2026-03-25 17:13:04] 
[2026-03-25 17:13:04] -------------Round number: 0-------------
[2026-03-25 17:13:04] 
[2026-03-25 17:13:04] Evaluate personalized models
[2026-03-25 17:13:04] Averaged Train Loss: 2.3664
[2026-03-25 17:13:04] Averaged Test Accuracy: 0.0625
[2026-03-25 17:13:04] Macro-F1: 0.0206
[2026-03-25 17:13:04] Weighted-F1: 0.0942
[2026-03-25 17:13:04] Balanced Accuracy: 0.0152
[2026-03-25 17:13:04] MCC: -0.0105
[2026-03-25 17:13:04] Cohen-Kappa: -0.0069
[2026-03-25 17:13:04] Micro AUC: 0.4793
[2026-03-25 17:13:04] Macro AUC: 0.0000
[2026-03-25 17:13:04] Macro PR-AUC: 0.0957
[2026-03-25 17:13:04] Micro FPR: 0.1042
[2026-03-25 17:13:04] ECE: 0.0839
[2026-03-25 17:13:04] Brier Score: 0.9102
[2026-03-25 17:13:04] Average Confidence: 0.1417
[2026-03-25 17:13:04] EMA Test Accuracy: 0.0625
[2026-03-25 17:13:04] Few-shot Recall: 0.0000
[2026-03-25 17:13:04] Few-shot Macro-F1: 0.0000
[2026-03-25 17:13:04] Selection Score (multi_objective): -0.0196
[2026-03-25 17:13:04] Checkpoint Updated: round 0
[2026-03-25 17:13:06] ------------------------- time cost ------------------------- 2.77787184715271
[2026-03-25 17:13:06] [Round Metrics][SGEFIDSUS], selected=3, active=3, winners=1, uploaded=2, failover_used=1, contracts=1, contract_active=0.3333, contract_upload=1.0000, upload_success=1.0000, upload_per_winner=2.0000, mode_full=1.0000, mode_freeze=0.0000, mode_head=0.0000, affinity_update_ratio=0.3333, mean_delta_norm=0.194401, mean_delta_sparsity=0.4262, mean_bid=0.731163, mean_entropy=1.8010, mean_cred=0.5944, rep_mean=1.0017, staleness_mean=0.6667, staleness_max=1, price_compute=1.000, price_comm=1.000, avg_train_time=0.6964s, avg_send_time=0.0007s, total_upload_bytes=47128, selection_score=-0.0196
[2026-03-25 17:13:06] [Proto Metrics][SGEFIDSUS] global_proto_classes=10, global_proto_samples=11218, few_shot_classes=4, client_few_shot_ratio=0.0141
[2026-03-25 17:13:06] [SkyGuard Metrics] participation_mean=0.9606, participation_std=0.0274, uav_utility=0.7312, shapley_proxy=0.9715, grad_similarity=0.0000, data_quality=0.5187, resource_score=0.7059, attack_score=0.4954, adapter_drift=0.002099, global_drift_pressure=0.0000, drift_alert_ratio=0.0000, clusters=1
[2026-03-25 17:13:06] 
[2026-03-25 17:13:06] Best accuracy.
[2026-03-25 17:13:06] 0.06254008980115458
[2026-03-25 17:13:06] 
[2026-03-25 17:13:06] Average time cost per round.
[2026-03-25 17:13:06] 2.77787184715271
[2026-03-25 17:13:06] File path: ../results/UNSW_SkyGuardPFIDS_smoke_csv_0.h5
[2026-03-25 17:13:06] 
[2026-03-25 17:13:06] Average time cost: 3.65s.
[2026-03-25 17:13:06] Length:  1
[2026-03-25 17:13:06] std for best rs_test_acc: 0.0
[2026-03-25 17:13:06] mean for best rs_test_acc: 0.06254008980115458
[2026-03-25 17:13:06] All done!
