[2026-03-21 12:01:31] Run log: E:\zuhui\HGFIDSUS-main2.1\system\logs\run_SkyGuardPFIDS_UNSW_smoke_skyguard_nc1_20260321-120131.log
[2026-03-21 12:01:31] Round metrics CSV: E:\zuhui\HGFIDSUS-main2.1\system\logs\round_metrics_SkyGuardPFIDS_UNSW_smoke_skyguard_nc1_20260321-120131.csv
[2026-03-21 12:01:31] 
[2026-03-21 12:01:31] ============= Running time: 0th =============
[2026-03-21 12:01:31] Creating server and clients ...
[2026-03-21 12:01:31] CNN1D(
[2026-03-21 12:01:31]   (conv1): Conv1d(1, 32, kernel_size=(3,), stride=(1,), padding=(1,))
[2026-03-21 12:01:31]   (conv2): Conv1d(32, 64, kernel_size=(3,), stride=(1,), padding=(1,))
[2026-03-21 12:01:31]   (maxpool): MaxPool1d(kernel_size=2, stride=2, padding=0, dilation=1, ceil_mode=False)
[2026-03-21 12:01:31]   (global_maxpool): AdaptiveMaxPool1d(output_size=1)
[2026-03-21 12:01:31]   (dropout): Dropout(p=0.2, inplace=False)
[2026-03-21 12:01:31]   (fc): Linear(in_features=64, out_features=10, bias=True)
[2026-03-21 12:01:31] )
[2026-03-21 12:01:31] 
[2026-03-21 12:01:31] Join ratio / total clients: 1.0 / 1
[2026-03-21 12:01:31] Finished creating server and clients.
[2026-03-21 12:01:31] 
[2026-03-21 12:01:31] -------------Round number: 0-------------
[2026-03-21 12:01:31] 
[2026-03-21 12:01:31] Evaluate personalized models
